<?xml version="1.0" encoding="UTF-8"?>
<testng-results ignored="0" total="4" passed="4" failed="0" skipped="0">
  <reporter-output>
  </reporter-output>
  <suite started-at="2023-08-27T10:40:26 PDT" name="abcd" finished-at="2023-08-27T10:41:38 PDT" duration-ms="71894">
    <groups>
    </groups>
    <test started-at="2023-08-27T10:40:26 PDT" name="LoginTest" finished-at="2023-08-27T10:41:38 PDT" duration-ms="71894">
      <class name="com.androjava.proj3.App">
        <test-method signature="dosetup()[pri:0, instance:com.androjava.proj3.App@738dc9b]" started-at="2023-08-27T10:40:26 PDT" name="dosetup" finished-at="2023-08-27T10:41:17 PDT" duration-ms="51177" status="PASS">
          <reporter-output>
          </reporter-output>
        </test-method> <!-- dosetup -->
        <test-method signature="login()[pri:0, instance:com.androjava.proj3.App@738dc9b]" started-at="2023-08-27T10:41:17 PDT" name="login" finished-at="2023-08-27T10:41:17 PDT" duration-ms="37" status="PASS">
          <reporter-output>
          </reporter-output>
        </test-method> <!-- login -->
        <test-method signature="openBrowser()[pri:0, instance:com.androjava.proj3.App@738dc9b]" started-at="2023-08-27T10:41:17 PDT" name="openBrowser" finished-at="2023-08-27T10:41:38 PDT" duration-ms="20495" status="PASS">
          <reporter-output>
          </reporter-output>
        </test-method> <!-- openBrowser -->
        <test-method signature="search()[pri:0, instance:com.androjava.proj3.App@738dc9b]" started-at="2023-08-27T10:41:38 PDT" name="search" finished-at="2023-08-27T10:41:38 PDT" duration-ms="11" status="PASS">
          <reporter-output>
          </reporter-output>
        </test-method> <!-- search -->
      </class> <!-- com.androjava.proj3.App -->
    </test> <!-- LoginTest -->
  </suite> <!-- abcd -->
</testng-results>
